<?xml version="1.0" encoding="UTF-8"?>
<testsuite name="com.jdbc.practice.repository.MemberRepositoryV1Test" tests="1" skipped="0" failures="0" errors="0" timestamp="2023-10-25T17:12:16" hostname="dosohyeon-ui-MacBookAir.local" time="0.119">
  <properties/>
  <testcase name="crud()" classname="com.jdbc.practice.repository.MemberRepositoryV1Test" time="0.119"/>
  <system-out><![CDATA[02:12:16.192 [Test worker] INFO com.jdbc.practice.repository.MemberRepositoryV1Test - start
02:12:16.193 [Test worker] DEBUG com.zaxxer.hikari.HikariConfig - HikariPool-1 - configuration:
02:12:16.195 [Test worker] DEBUG com.zaxxer.hikari.HikariConfig - allowPoolSuspension................................false
02:12:16.196 [Test worker] DEBUG com.zaxxer.hikari.HikariConfig - autoCommit................................true
02:12:16.196 [Test worker] DEBUG com.zaxxer.hikari.HikariConfig - catalog................................none
02:12:16.196 [Test worker] DEBUG com.zaxxer.hikari.HikariConfig - connectionInitSql................................none
02:12:16.196 [Test worker] DEBUG com.zaxxer.hikari.HikariConfig - connectionTestQuery................................none
02:12:16.196 [Test worker] DEBUG com.zaxxer.hikari.HikariConfig - connectionTimeout................................30000
02:12:16.196 [Test worker] DEBUG com.zaxxer.hikari.HikariConfig - dataSource................................none
02:12:16.196 [Test worker] DEBUG com.zaxxer.hikari.HikariConfig - dataSourceClassName................................none
02:12:16.197 [Test worker] DEBUG com.zaxxer.hikari.HikariConfig - dataSourceJNDI................................none
02:12:16.197 [Test worker] DEBUG com.zaxxer.hikari.HikariConfig - dataSourceProperties................................{password=<masked>}
02:12:16.197 [Test worker] DEBUG com.zaxxer.hikari.HikariConfig - driverClassName................................none
02:12:16.197 [Test worker] DEBUG com.zaxxer.hikari.HikariConfig - exceptionOverrideClassName................................none
02:12:16.197 [Test worker] DEBUG com.zaxxer.hikari.HikariConfig - healthCheckProperties................................{}
02:12:16.197 [Test worker] DEBUG com.zaxxer.hikari.HikariConfig - healthCheckRegistry................................none
02:12:16.197 [Test worker] DEBUG com.zaxxer.hikari.HikariConfig - idleTimeout................................600000
02:12:16.197 [Test worker] DEBUG com.zaxxer.hikari.HikariConfig - initializationFailTimeout................................1
02:12:16.197 [Test worker] DEBUG com.zaxxer.hikari.HikariConfig - isolateInternalQueries................................false
02:12:16.197 [Test worker] DEBUG com.zaxxer.hikari.HikariConfig - jdbcUrl................................jdbc:h2:tcp://localhost/~/test
02:12:16.197 [Test worker] DEBUG com.zaxxer.hikari.HikariConfig - keepaliveTime................................0
02:12:16.197 [Test worker] DEBUG com.zaxxer.hikari.HikariConfig - leakDetectionThreshold................................0
02:12:16.197 [Test worker] DEBUG com.zaxxer.hikari.HikariConfig - maxLifetime................................1800000
02:12:16.198 [Test worker] DEBUG com.zaxxer.hikari.HikariConfig - maximumPoolSize................................10
02:12:16.198 [Test worker] DEBUG com.zaxxer.hikari.HikariConfig - metricRegistry................................none
02:12:16.198 [Test worker] DEBUG com.zaxxer.hikari.HikariConfig - metricsTrackerFactory................................none
02:12:16.198 [Test worker] DEBUG com.zaxxer.hikari.HikariConfig - minimumIdle................................10
02:12:16.198 [Test worker] DEBUG com.zaxxer.hikari.HikariConfig - password................................<masked>
02:12:16.198 [Test worker] DEBUG com.zaxxer.hikari.HikariConfig - poolName................................"HikariPool-1"
02:12:16.198 [Test worker] DEBUG com.zaxxer.hikari.HikariConfig - readOnly................................false
02:12:16.198 [Test worker] DEBUG com.zaxxer.hikari.HikariConfig - registerMbeans................................false
02:12:16.198 [Test worker] DEBUG com.zaxxer.hikari.HikariConfig - scheduledExecutor................................none
02:12:16.198 [Test worker] DEBUG com.zaxxer.hikari.HikariConfig - schema................................none
02:12:16.198 [Test worker] DEBUG com.zaxxer.hikari.HikariConfig - threadFactory................................internal
02:12:16.198 [Test worker] DEBUG com.zaxxer.hikari.HikariConfig - transactionIsolation................................default
02:12:16.198 [Test worker] DEBUG com.zaxxer.hikari.HikariConfig - username................................"sa"
02:12:16.198 [Test worker] DEBUG com.zaxxer.hikari.HikariConfig - validationTimeout................................5000
02:12:16.198 [Test worker] INFO com.zaxxer.hikari.HikariDataSource - HikariPool-1 - Starting...
02:12:16.203 [Test worker] DEBUG com.zaxxer.hikari.util.DriverDataSource - Loaded driver with class name org.h2.Driver for jdbcUrl=jdbc:h2:tcp://localhost/~/test
02:12:16.243 [Test worker] DEBUG com.zaxxer.hikari.pool.HikariPool - HikariPool-1 - Added connection conn0: url=jdbc:h2:tcp://localhost/~/test user=SA
02:12:16.244 [Test worker] INFO com.zaxxer.hikari.HikariDataSource - HikariPool-1 - Start completed.
02:12:16.245 [Test worker] INFO com.jdbc.practice.repository.MemberRepositoryV1 - get connection=HikariProxyConnection@400064818 wrapping conn0: url=jdbc:h2:tcp://localhost/~/test user=SA, class=class com.zaxxer.hikari.pool.HikariProxyConnection
02:12:16.260 [Test worker] INFO com.jdbc.practice.repository.MemberRepositoryV1 - get connection=HikariProxyConnection@166454155 wrapping conn0: url=jdbc:h2:tcp://localhost/~/test user=SA, class=class com.zaxxer.hikari.pool.HikariProxyConnection
02:12:16.293 [Test worker] INFO com.jdbc.practice.repository.MemberRepositoryV1 - get connection=HikariProxyConnection@582666172 wrapping conn0: url=jdbc:h2:tcp://localhost/~/test user=SA, class=class com.zaxxer.hikari.pool.HikariProxyConnection
02:12:16.297 [Test worker] INFO com.jdbc.practice.repository.MemberRepositoryV1 - resultSize=1
02:12:16.297 [Test worker] INFO com.jdbc.practice.repository.MemberRepositoryV1 - get connection=HikariProxyConnection@1668910247 wrapping conn0: url=jdbc:h2:tcp://localhost/~/test user=SA, class=class com.zaxxer.hikari.pool.HikariProxyConnection
02:12:16.299 [Test worker] INFO com.jdbc.practice.repository.MemberRepositoryV1 - get connection=HikariProxyConnection@1238080693 wrapping conn0: url=jdbc:h2:tcp://localhost/~/test user=SA, class=class com.zaxxer.hikari.pool.HikariProxyConnection
02:12:16.300 [Test worker] INFO com.jdbc.practice.repository.MemberRepositoryV1 - get connection=HikariProxyConnection@1988644427 wrapping conn0: url=jdbc:h2:tcp://localhost/~/test user=SA, class=class com.zaxxer.hikari.pool.HikariProxyConnection
]]></system-out>
  <system-err><![CDATA[]]></system-err>
</testsuite>
