<?xml version="1.0" encoding="UTF-8"?>
<testsuite name="com.jdbc.practice.service.MemberServiceV2Test" tests="2" skipped="0" failures="0" errors="0" timestamp="2023-10-31T06:10:06" hostname="dosohyeon-ui-MacBookAir.local" time="0.156">
  <properties/>
  <testcase name="이체중 예외 발생" classname="com.jdbc.practice.service.MemberServiceV2Test" time="0.124"/>
  <testcase name="정상 이체" classname="com.jdbc.practice.service.MemberServiceV2Test" time="0.031"/>
  <system-out><![CDATA[15:10:06.212 [Test worker] DEBUG org.springframework.jdbc.datasource.DriverManagerDataSource - Creating new JDBC DriverManager Connection to [jdbc:h2:tcp://localhost/~/test]
15:10:06.250 [Test worker] INFO com.jdbc.practice.repository.MemberRepositoryV2 - get connection=conn0: url=jdbc:h2:tcp://localhost/~/test user=SA class=class org.h2.jdbc.JdbcConnection
15:10:06.259 [Test worker] DEBUG org.springframework.jdbc.datasource.DriverManagerDataSource - Creating new JDBC DriverManager Connection to [jdbc:h2:tcp://localhost/~/test]
15:10:06.264 [Test worker] INFO com.jdbc.practice.repository.MemberRepositoryV2 - get connection=conn1: url=jdbc:h2:tcp://localhost/~/test user=SA class=class org.h2.jdbc.JdbcConnection
15:10:06.279 [Test worker] DEBUG org.springframework.jdbc.datasource.DriverManagerDataSource - Creating new JDBC DriverManager Connection to [jdbc:h2:tcp://localhost/~/test]
15:10:06.298 [Test worker] DEBUG org.springframework.jdbc.datasource.DriverManagerDataSource - Creating new JDBC DriverManager Connection to [jdbc:h2:tcp://localhost/~/test]
15:10:06.301 [Test worker] INFO com.jdbc.practice.repository.MemberRepositoryV2 - get connection=conn3: url=jdbc:h2:tcp://localhost/~/test user=SA class=class org.h2.jdbc.JdbcConnection
15:10:06.302 [Test worker] DEBUG org.springframework.jdbc.datasource.DriverManagerDataSource - Creating new JDBC DriverManager Connection to [jdbc:h2:tcp://localhost/~/test]
15:10:06.303 [Test worker] INFO com.jdbc.practice.repository.MemberRepositoryV2 - get connection=conn4: url=jdbc:h2:tcp://localhost/~/test user=SA class=class org.h2.jdbc.JdbcConnection
15:10:06.305 [Test worker] DEBUG org.springframework.jdbc.datasource.DriverManagerDataSource - Creating new JDBC DriverManager Connection to [jdbc:h2:tcp://localhost/~/test]
15:10:06.306 [Test worker] INFO com.jdbc.practice.repository.MemberRepositoryV2 - get connection=conn5: url=jdbc:h2:tcp://localhost/~/test user=SA class=class org.h2.jdbc.JdbcConnection
15:10:06.307 [Test worker] DEBUG org.springframework.jdbc.datasource.DriverManagerDataSource - Creating new JDBC DriverManager Connection to [jdbc:h2:tcp://localhost/~/test]
15:10:06.309 [Test worker] INFO com.jdbc.practice.repository.MemberRepositoryV2 - get connection=conn6: url=jdbc:h2:tcp://localhost/~/test user=SA class=class org.h2.jdbc.JdbcConnection
15:10:06.310 [Test worker] DEBUG org.springframework.jdbc.datasource.DriverManagerDataSource - Creating new JDBC DriverManager Connection to [jdbc:h2:tcp://localhost/~/test]
15:10:06.311 [Test worker] INFO com.jdbc.practice.repository.MemberRepositoryV2 - get connection=conn7: url=jdbc:h2:tcp://localhost/~/test user=SA class=class org.h2.jdbc.JdbcConnection
15:10:06.315 [Test worker] DEBUG org.springframework.jdbc.datasource.DriverManagerDataSource - Creating new JDBC DriverManager Connection to [jdbc:h2:tcp://localhost/~/test]
15:10:06.317 [Test worker] INFO com.jdbc.practice.repository.MemberRepositoryV2 - get connection=conn8: url=jdbc:h2:tcp://localhost/~/test user=SA class=class org.h2.jdbc.JdbcConnection
15:10:06.318 [Test worker] DEBUG org.springframework.jdbc.datasource.DriverManagerDataSource - Creating new JDBC DriverManager Connection to [jdbc:h2:tcp://localhost/~/test]
15:10:06.322 [Test worker] INFO com.jdbc.practice.repository.MemberRepositoryV2 - get connection=conn9: url=jdbc:h2:tcp://localhost/~/test user=SA class=class org.h2.jdbc.JdbcConnection
15:10:06.323 [Test worker] DEBUG org.springframework.jdbc.datasource.DriverManagerDataSource - Creating new JDBC DriverManager Connection to [jdbc:h2:tcp://localhost/~/test]
15:10:06.328 [Test worker] DEBUG org.springframework.jdbc.datasource.DriverManagerDataSource - Creating new JDBC DriverManager Connection to [jdbc:h2:tcp://localhost/~/test]
15:10:06.330 [Test worker] INFO com.jdbc.practice.repository.MemberRepositoryV2 - get connection=conn11: url=jdbc:h2:tcp://localhost/~/test user=SA class=class org.h2.jdbc.JdbcConnection
15:10:06.331 [Test worker] DEBUG org.springframework.jdbc.datasource.DriverManagerDataSource - Creating new JDBC DriverManager Connection to [jdbc:h2:tcp://localhost/~/test]
15:10:06.332 [Test worker] INFO com.jdbc.practice.repository.MemberRepositoryV2 - get connection=conn12: url=jdbc:h2:tcp://localhost/~/test user=SA class=class org.h2.jdbc.JdbcConnection
15:10:06.335 [Test worker] DEBUG org.springframework.jdbc.datasource.DriverManagerDataSource - Creating new JDBC DriverManager Connection to [jdbc:h2:tcp://localhost/~/test]
15:10:06.340 [Test worker] INFO com.jdbc.practice.repository.MemberRepositoryV2 - get connection=conn13: url=jdbc:h2:tcp://localhost/~/test user=SA class=class org.h2.jdbc.JdbcConnection
15:10:06.341 [Test worker] DEBUG org.springframework.jdbc.datasource.DriverManagerDataSource - Creating new JDBC DriverManager Connection to [jdbc:h2:tcp://localhost/~/test]
15:10:06.342 [Test worker] INFO com.jdbc.practice.repository.MemberRepositoryV2 - get connection=conn14: url=jdbc:h2:tcp://localhost/~/test user=SA class=class org.h2.jdbc.JdbcConnection
15:10:06.343 [Test worker] DEBUG org.springframework.jdbc.datasource.DriverManagerDataSource - Creating new JDBC DriverManager Connection to [jdbc:h2:tcp://localhost/~/test]
15:10:06.344 [Test worker] INFO com.jdbc.practice.repository.MemberRepositoryV2 - get connection=conn15: url=jdbc:h2:tcp://localhost/~/test user=SA class=class org.h2.jdbc.JdbcConnection
]]></system-out>
  <system-err><![CDATA[]]></system-err>
</testsuite>
