<?xml version="1.0" encoding="UTF-8"?>
<testsuite name="com.jdbc.practice.repository.MemberRepositoryV0Test" tests="1" skipped="0" failures="0" errors="0" timestamp="2023-10-24T05:51:15" hostname="dosohyeon-ui-MacBookAir.local" time="0.098">
  <properties/>
  <testcase name="crud()" classname="com.jdbc.practice.repository.MemberRepositoryV0Test" time="0.098"/>
  <system-out><![CDATA[14:51:15.846 [Test worker] INFO com.jdbc.practice.DBConnectionUtil - get connection=conn0: url=jdbc:h2:tcp://localhost/~/test user=SA, class=class org.h2.jdbc.JdbcConnection
14:51:15.854 [Test worker] INFO com.jdbc.practice.DBConnectionUtil - get connection=conn1: url=jdbc:h2:tcp://localhost/~/test user=SA, class=class org.h2.jdbc.JdbcConnection
14:51:15.857 [Test worker] INFO com.jdbc.practice.repository.MemberRepositoryV0Test - findMember=Member(memberId=memberV0, money=10000)
14:51:15.891 [Test worker] INFO com.jdbc.practice.DBConnectionUtil - get connection=conn2: url=jdbc:h2:tcp://localhost/~/test user=SA, class=class org.h2.jdbc.JdbcConnection
14:51:15.893 [Test worker] INFO com.jdbc.practice.repository.MemberRepositoryV0 - resultSize=1
14:51:15.896 [Test worker] INFO com.jdbc.practice.DBConnectionUtil - get connection=conn3: url=jdbc:h2:tcp://localhost/~/test user=SA, class=class org.h2.jdbc.JdbcConnection
14:51:15.901 [Test worker] INFO com.jdbc.practice.DBConnectionUtil - get connection=conn4: url=jdbc:h2:tcp://localhost/~/test user=SA, class=class org.h2.jdbc.JdbcConnection
14:51:15.904 [Test worker] INFO com.jdbc.practice.DBConnectionUtil - get connection=conn5: url=jdbc:h2:tcp://localhost/~/test user=SA, class=class org.h2.jdbc.JdbcConnection
]]></system-out>
  <system-err><![CDATA[]]></system-err>
</testsuite>
